

*******************************************************************************
Fri Oct  7 21:18:41 2016


FIT:    data read from "tiempos_busqueda_burbuja.dat"
        format = z
        #datapoints = 61
        residuals are weighted equally (unit weight)

function used for fitting: f(x)
	f(x) = log(x)
fitted parameters initialized with current variable values


Current data point
=========================
#               = 1 out of 61
x               = 1              
z               = 0              

Current set of parameters
=========================
a               = 1              
b               = 1              

BREAK: Undefined value during function evaluation

*******************************************************************************
Fri Oct  7 21:18:50 2016


FIT:    data read from "tiempos_busqueda_burbuja.dat"
        format = z
        #datapoints = 61
        residuals are weighted equally (unit weight)

function used for fitting: f(x)
	f(x) = log(x)
fitted parameters initialized with current variable values


Current data point
=========================
#               = 1 out of 61
x               = 1              
z               = 0              

Current set of parameters
=========================
a               = 1              

BREAK: Undefined value during function evaluation

*******************************************************************************
Fri Oct  7 21:19:00 2016


FIT:    data read from "tiempos_busqueda_burbuja.dat"
        format = z
        #datapoints = 61
        residuals are weighted equally (unit weight)

function used for fitting: f(x)
	f(x) = log(x)
fitted parameters initialized with current variable values


Current data point
=========================
#               = 1 out of 61
x               = 1              
z               = 0              

Current set of parameters
=========================
x               = 1              

BREAK: Undefined value during function evaluation

*******************************************************************************
Fri Oct  7 21:19:02 2016


FIT:    data read from "tiempos_busqueda_burbuja.dat"
        format = z
        #datapoints = 61
        residuals are weighted equally (unit weight)

function used for fitting: f(x)
	f(x) = log(x)
BREAK: Need via and either parameter list or file

*******************************************************************************
Thu Oct 13 15:57:38 2016


FIT:    data read from "tiempos_busqueda_burbuja.dat"
        format = z
        #datapoints = 60
        residuals are weighted equally (unit weight)

function used for fitting: f(x)
	f(x) = a*(x^2) + b*x + c
BREAK: Need via and either parameter list or file

*******************************************************************************
Thu Oct 13 15:57:50 2016


FIT:    data read from "tiempos_busqueda_burbuja.dat"
        format = z
        #datapoints = 60
        residuals are weighted equally (unit weight)

function used for fitting: f(x)
	f(x) = a*(x^2) + b*x + c
BREAK: Need via and either parameter list or file

*******************************************************************************
Thu Oct 13 15:57:57 2016


FIT:    data read from "tiempos_busqueda_burbuja.dat"
        format = z
        #datapoints = 60
        residuals are weighted equally (unit weight)

function used for fitting: f(x)
	f(x) = a*(x^2) + b*x + c
BREAK: Need via and either parameter list or file

*******************************************************************************
Thu Oct 13 15:58:11 2016


FIT:    data read from "tiempos_busqueda_burbuja.dat"
        format = z
        #datapoints = 60
        residuals are weighted equally (unit weight)

function used for fitting: f(x)
	f(x) = a*(x^2) + b*x + c
BREAK: Need via and either parameter list or file

*******************************************************************************
Thu Oct 13 15:59:23 2016


FIT:    data read from "tiempos_busqueda_burbuja.dat"
        format = z
        #datapoints = 60
        residuals are weighted equally (unit weight)

function used for fitting: f(x)
	f(x) = a*(x^2) + b*x + c
BREAK: Need via and either parameter list or file