

*******************************************************************************
Thu Oct 13 16:05:28 2016


FIT:    data read from 'tiempos_busqueda_burbuja.dat'
        format = z
        #datapoints = 61
        residuals are weighted equally (unit weight)

function used for fitting: f(x)
	f(x) = a*x**2 + b*x + c
BREAK: Need via and either parameter list or file

*******************************************************************************
Thu Oct 13 16:05:38 2016


FIT:    data read from 'tiempos_busqueda_burbuja.dat' using 1:2
        format = x:z
        #datapoints = 61
        residuals are weighted equally (unit weight)

function used for fitting: f(x)
	f(x) = a*x**2 + b*x + c
fitted parameters initialized with current variable values



*******************************************************************************
Thu Oct 13 16:05:44 2016


FIT:    data read from 'tiempos_busqueda_burbuja.dat' using 1:2
        format = x:z
        #datapoints = 61
        residuals are weighted equally (unit weight)

function used for fitting: f(x)
	f(x) = a*x**2 + b*x + c
fitted parameters initialized with current variable values

iter      chisq       delta/lim  lambda   a             b             c            
   0 9.4779954273e+18   0.00e+00  2.28e+08    1.000000e+00   1.000000e+00   1.000000e+00
  12 3.5626086386e-03  -6.07e-06  2.28e-04    3.134756e-10   9.898281e-07  -2.576115e-03

After 12 iterations the fit converged.
final sum of squares of residuals : 0.00356261
rel. change during last iteration : -6.06961e-11

degrees of freedom    (FIT_NDF)                        : 58
rms of residuals      (FIT_STDFIT) = sqrt(WSSR/ndf)    : 0.00783736
variance of residuals (reduced chisquare) = WSSR/ndf   : 6.14243e-05

Final set of parameters            Asymptotic Standard Error
=======================            ==========================
a               = 3.13476e-10      +/- 1.457e-11    (4.647%)
b               = 9.89828e-07      +/- 4.411e-07    (44.56%)
c               = -0.00257611      +/- 0.002783     (108%)

correlation matrix of the fit parameters:
                a      b      c      
a               1.000 
b              -0.966  1.000 
c               0.715 -0.846  1.000 
